# JRE version: Java(TM) SE Runtime Environment (8.0_101-b13) (build 1.8.0_101-b13)
# Java VM: Java HotSpot(TM) Server VM (25.101-b13 mixed mode linux-x86 )
Heap:
 PSYoungGen      total 18432K, used 6453K [0x91ac0000, 0x93ec0000, 0xa7000000)
  eden space 15872K, 24% used [0x91ac0000,0x91e8fa28,0x92a40000)
  from space 2560K, 99% used [0x92cc0000,0x92f3dba0,0x92f40000)
  to   space 2560K, 0% used [0x92a40000,0x92a40000,0x92cc0000)
 ParOldGen       total 42496K, used 3399K [0x67000000, 0x69980000, 0x91ac0000)
  object space 42496K, 7% used [0x67000000,0x67351c30,0x69980000)
 Metaspace       used 4043K, capacity 4070K, committed 4120K, reserved 4400K
GC Heap History (4 events):
Event: 2.655 GC heap before
{Heap before GC invocations=1 (full 0):
 PSYoungGen      total 18432K, used 15872K [0x91ac0000, 0x92f40000, 0xa7000000)
  eden space 15872K, 100% used [0x91ac0000,0x92a40000,0x92a40000)
  from space 2560K, 0% used [0x92cc0000,0x92cc0000,0x92f40000)
  to   space 2560K, 0% used [0x92a40000,0x92a40000,0x92cc0000)
 ParOldGen       total 42496K, used 0K [0x67000000, 0x69980000, 0x91ac0000)
  object space 42496K, 0% used [0x67000000,0x67000000,0x69980000)
 Metaspace       used 3741K, capacity 3750K, committed 3864K, reserved 4400K
Event: 2.677 GC heap after
Heap after GC invocations=1 (full 0):
 PSYoungGen      total 18432K, used 2553K [0x91ac0000, 0x92f40000, 0xa7000000)
  eden space 15872K, 0% used [0x91ac0000,0x91ac0000,0x92a40000)
  from space 2560K, 99% used [0x92a40000,0x92cbe4d0,0x92cc0000)
  to   space 2560K, 0% used [0x92cc0000,0x92cc0000,0x92f40000)
 ParOldGen       total 42496K, used 1862K [0x67000000, 0x69980000, 0x91ac0000)
  object space 42496K, 4% used [0x67000000,0x671d1938,0x69980000)
 Metaspace       used 3741K, capacity 3750K, committed 3864K, reserved 4400K
}
Event: 6.181 GC heap before
{Heap before GC invocations=2 (full 0):
 PSYoungGen      total 18432K, used 18425K [0x91ac0000, 0x92f40000, 0xa7000000)
  eden space 15872K, 100% used [0x91ac0000,0x92a40000,0x92a40000)
  from space 2560K, 99% used [0x92a40000,0x92cbe4d0,0x92cc0000)
  to   space 2560K, 0% used [0x92cc0000,0x92cc0000,0x92f40000)
 ParOldGen       total 42496K, used 1862K [0x67000000, 0x69980000, 0x91ac0000)
  object space 42496K, 4% used [0x67000000,0x671d1938,0x69980000)
 Metaspace       used 3806K, capacity 3846K, committed 3864K, reserved 4400K
Event: 6.392 GC heap after
Heap after GC invocations=2 (full 0):
 PSYoungGen      total 18432K, used 2550K [0x91ac0000, 0x93ec0000, 0xa7000000)
  eden space 15872K, 0% used [0x91ac0000,0x91ac0000,0x92a40000)
  from space 2560K, 99% used [0x92cc0000,0x92f3dba0,0x92f40000)
  to   space 2560K, 0% used [0x92a40000,0x92a40000,0x92cc0000)
 ParOldGen       total 42496K, used 3399K [0x67000000, 0x69980000, 0x91ac0000)
  object space 42496K, 7% used [0x67000000,0x67351c30,0x69980000)
 Metaspace       used 3806K, capacity 3846K, committed 3864K, reserved 4400K
}

