# JRE version: Java(TM) SE Runtime Environment (8.0_101-b13) (build 1.8.0_101-b13)
# Java VM: Java HotSpot(TM) Server VM (25.101-b13 mixed mode linux-x86 )
Heap:
 PSYoungGen      total 141824K, used 16892K [0x91ac0000, 0x9b7c0000, 0xa7000000)
  eden space 124928K, 0% used [0x91ac0000,0x91ac0000,0x994c0000)
  from space 16896K, 99% used [0x994c0000,0x9a53f3e0,0x9a540000)
  to   space 14848K, 0% used [0x9a540000,0x9a540000,0x9b3c0000)
 ParOldGen       total 42496K, used 36754K [0x67000000, 0x69980000, 0x91ac0000)
  object space 42496K, 86% used [0x67000000,0x693e4998,0x69980000)
 Metaspace       used 4166K, capacity 4198K, committed 4248K, reserved 4400K
GC Heap History (10 events):
Event: 1.959 GC heap after
Heap after GC invocations=2 (full 0):
 PSYoungGen      total 34304K, used 2550K [0x91ac0000, 0x93ec0000, 0xa7000000)
  eden space 31744K, 0% used [0x91ac0000,0x91ac0000,0x939c0000)
  from space 2560K, 99% used [0x93c40000,0x93ebd9f8,0x93ec0000)
  to   space 2560K, 0% used [0x939c0000,0x939c0000,0x93c40000)
 ParOldGen       total 42496K, used 1922K [0x67000000, 0x69980000, 0x91ac0000)
  object space 42496K, 4% used [0x67000000,0x671e0bc0,0x69980000)
 Metaspace       used 3778K, capacity 3814K, committed 3864K, reserved 4400K
}
Event: 3.000 GC heap before
{Heap before GC invocations=3 (full 0):
 PSYoungGen      total 34304K, used 34294K [0x91ac0000, 0x93ec0000, 0xa7000000)
  eden space 31744K, 100% used [0x91ac0000,0x939c0000,0x939c0000)
  from space 2560K, 99% used [0x93c40000,0x93ebd9f8,0x93ec0000)
  to   space 2560K, 0% used [0x939c0000,0x939c0000,0x93c40000)
 ParOldGen       total 42496K, used 1922K [0x67000000, 0x69980000, 0x91ac0000)
  object space 42496K, 4% used [0x67000000,0x671e0bc0,0x69980000)
 Metaspace       used 3834K, capacity 3846K, committed 3864K, reserved 4400K
Event: 3.041 GC heap after
Heap after GC invocations=3 (full 0):
 PSYoungGen      total 34304K, used 2557K [0x91ac0000, 0x95dc0000, 0xa7000000)
  eden space 31744K, 0% used [0x91ac0000,0x91ac0000,0x939c0000)
  from space 2560K, 99% used [0x939c0000,0x93c3f488,0x93c40000)
  to   space 2560K, 0% used [0x95b40000,0x95b40000,0x95dc0000)
 ParOldGen       total 42496K, used 7038K [0x67000000, 0x69980000, 0x91ac0000)
  object space 42496K, 16% used [0x67000000,0x676df9c0,0x69980000)
 Metaspace       used 3834K, capacity 3846K, committed 3864K, reserved 4400K
}
Event: 3.379 GC heap before
{Heap before GC invocations=4 (full 0):
 PSYoungGen      total 34304K, used 34301K [0x91ac0000, 0x95dc0000, 0xa7000000)
  eden space 31744K, 100% used [0x91ac0000,0x939c0000,0x939c0000)
  from space 2560K, 99% used [0x939c0000,0x93c3f488,0x93c40000)
  to   space 2560K, 0% used [0x95b40000,0x95b40000,0x95dc0000)
 ParOldGen       total 42496K, used 7038K [0x67000000, 0x69980000, 0x91ac0000)
  object space 42496K, 16% used [0x67000000,0x676df9c0,0x69980000)
 Metaspace       used 3862K, capacity 3878K, committed 3992K, reserved 4400K
Event: 3.442 GC heap after
Heap after GC invocations=4 (full 0):
 PSYoungGen      total 66048K, used 2550K [0x91ac0000, 0x95dc0000, 0xa7000000)
  eden space 63488K, 0% used [0x91ac0000,0x91ac0000,0x958c0000)
  from space 2560K, 99% used [0x95b40000,0x95dbd850,0x95dc0000)
  to   space 2560K, 0% used [0x958c0000,0x958c0000,0x95b40000)
 ParOldGen       total 42496K, used 12927K [0x67000000, 0x69980000, 0x91ac0000)
  object space 42496K, 30% used [0x67000000,0x67c9fca8,0x69980000)
 Metaspace       used 3862K, capacity 3878K, committed 3992K, reserved 4400K
}
Event: 3.935 GC heap before
{Heap before GC invocations=5 (full 0):
 PSYoungGen      total 66048K, used 66038K [0x91ac0000, 0x95dc0000, 0xa7000000)
  eden space 63488K, 100% used [0x91ac0000,0x958c0000,0x958c0000)
  from space 2560K, 99% used [0x95b40000,0x95dbd850,0x95dc0000)
  to   space 2560K, 0% used [0x958c0000,0x958c0000,0x95b40000)
 ParOldGen       total 42496K, used 12927K [0x67000000, 0x69980000, 0x91ac0000)
  object space 42496K, 30% used [0x67000000,0x67c9fca8,0x69980000)
 Metaspace       used 3900K, capacity 3910K, committed 3992K, reserved 4400K
Event: 3.999 GC heap after
Heap after GC invocations=5 (full 0):
 PSYoungGen      total 66048K, used 2554K [0x91ac0000, 0x9b3c0000, 0xa7000000)
  eden space 63488K, 0% used [0x91ac0000,0x91ac0000,0x958c0000)
  from space 2560K, 99% used [0x958c0000,0x95b3ea50,0x95b40000)
  to   space 14848K, 0% used [0x9a540000,0x9a540000,0x9b3c0000)
 ParOldGen       total 42496K, used 22710K [0x67000000, 0x69980000, 0x91ac0000)
  object space 42496K, 53% used [0x67000000,0x6862d808,0x69980000)
 Metaspace       used 3900K, capacity 3910K, committed 3992K, reserved 4400K
}
Event: 4.484 GC heap before
{Heap before GC invocations=6 (full 0):
 PSYoungGen      total 66048K, used 66042K [0x91ac0000, 0x9b3c0000, 0xa7000000)
  eden space 63488K, 100% used [0x91ac0000,0x958c0000,0x958c0000)
  from space 2560K, 99% used [0x958c0000,0x95b3ea50,0x95b40000)
  to   space 14848K, 0% used [0x9a540000,0x9a540000,0x9b3c0000)
 ParOldGen       total 42496K, used 22710K [0x67000000, 0x69980000, 0x91ac0000)
  object space 42496K, 53% used [0x67000000,0x6862d808,0x69980000)
 Metaspace       used 3962K, capacity 4006K, committed 4120K, reserved 4400K
Event: 4.538 GC heap after
Heap after GC invocations=6 (full 0):
 PSYoungGen      total 139776K, used 12740K [0x91ac0000, 0x9b7c0000, 0xa7000000)
  eden space 124928K, 0% used [0x91ac0000,0x91ac0000,0x994c0000)
  from space 14848K, 85% used [0x9a540000,0x9b1b11c0,0x9b3c0000)
  to   space 16896K, 0% used [0x994c0000,0x994c0000,0x9a540000)
 ParOldGen       total 42496K, used 22714K [0x67000000, 0x69980000, 0x91ac0000)
  object space 42496K, 53% used [0x67000000,0x6862e808,0x69980000)
 Metaspace       used 3962K, capacity 4006K, committed 4120K, reserved 4400K
}
Event: 5.508 GC heap before
{Heap before GC invocations=7 (full 0):
 PSYoungGen      total 139776K, used 137668K [0x91ac0000, 0x9b7c0000, 0xa7000000)
  eden space 124928K, 100% used [0x91ac0000,0x994c0000,0x994c0000)
  from space 14848K, 85% used [0x9a540000,0x9b1b11c0,0x9b3c0000)
  to   space 16896K, 0% used [0x994c0000,0x994c0000,0x9a540000)
 ParOldGen       total 42496K, used 22714K [0x67000000, 0x69980000, 0x91ac0000)
  object space 42496K, 53% used [0x67000000,0x6862e808,0x69980000)
 Metaspace       used 4166K, capacity 4198K, committed 4248K, reserved 4400K

