# JRE version: Java(TM) SE Runtime Environment (8.0_101-b13) (build 1.8.0_101-b13)
# Java VM: Java HotSpot(TM) Server VM (25.101-b13 mixed mode linux-x86 )
Heap:
 PSYoungGen      total 18432K, used 6090K [0x91ac0000, 0x945c0000, 0xa7000000)
  eden space 15872K, 22% used [0x91ac0000,0x91e35778,0x92a40000)
  from space 2560K, 99% used [0x92a40000,0x92cbd3e8,0x92cc0000)
  to   space 6144K, 0% used [0x93fc0000,0x93fc0000,0x945c0000)
 ParOldGen       total 42496K, used 9613K [0x67000000, 0x69980000, 0x91ac0000)
  object space 42496K, 22% used [0x67000000,0x67963448,0x69980000)
 Metaspace       used 3946K, capacity 3974K, committed 3992K, reserved 4400K
GC Heap History (10 events):
Event: 2.479 GC heap before
{Heap before GC invocations=1 (full 0):
 PSYoungGen      total 18432K, used 15872K [0x91ac0000, 0x92f40000, 0xa7000000)
  eden space 15872K, 100% used [0x91ac0000,0x92a40000,0x92a40000)
  from space 2560K, 0% used [0x92cc0000,0x92cc0000,0x92f40000)
  to   space 2560K, 0% used [0x92a40000,0x92a40000,0x92cc0000)
 ParOldGen       total 42496K, used 0K [0x67000000, 0x69980000, 0x91ac0000)
  object space 42496K, 0% used [0x67000000,0x67000000,0x69980000)
 Metaspace       used 3568K, capacity 3622K, committed 3736K, reserved 4400K
Event: 2.500 GC heap after
Heap after GC invocations=1 (full 0):
 PSYoungGen      total 18432K, used 2546K [0x91ac0000, 0x92f40000, 0xa7000000)
  eden space 15872K, 0% used [0x91ac0000,0x91ac0000,0x92a40000)
  from space 2560K, 99% used [0x92a40000,0x92cbcb58,0x92cc0000)
  to   space 2560K, 0% used [0x92cc0000,0x92cc0000,0x92f40000)
 ParOldGen       total 42496K, used 560K [0x67000000, 0x69980000, 0x91ac0000)
  object space 42496K, 1% used [0x67000000,0x6708c350,0x69980000)
 Metaspace       used 3568K, capacity 3622K, committed 3736K, reserved 4400K
}
Event: 4.557 GC heap before
{Heap before GC invocations=2 (full 0):
 PSYoungGen      total 18432K, used 18418K [0x91ac0000, 0x92f40000, 0xa7000000)
  eden space 15872K, 100% used [0x91ac0000,0x92a40000,0x92a40000)
  from space 2560K, 99% used [0x92a40000,0x92cbcb58,0x92cc0000)
  to   space 2560K, 0% used [0x92cc0000,0x92cc0000,0x92f40000)
 ParOldGen       total 42496K, used 560K [0x67000000, 0x69980000, 0x91ac0000)
  object space 42496K, 1% used [0x67000000,0x6708c350,0x69980000)
 Metaspace       used 3761K, capacity 3782K, committed 3864K, reserved 4400K
Event: 4.722 GC heap after
Heap after GC invocations=2 (full 0):
 PSYoungGen      total 18432K, used 2551K [0x91ac0000, 0x92f40000, 0xa7000000)
  eden space 15872K, 0% used [0x91ac0000,0x91ac0000,0x92a40000)
  from space 2560K, 99% used [0x92cc0000,0x92f3df60,0x92f40000)
  to   space 2560K, 0% used [0x92a40000,0x92a40000,0x92cc0000)
 ParOldGen       total 42496K, used 2146K [0x67000000, 0x69980000, 0x91ac0000)
  object space 42496K, 5% used [0x67000000,0x67218af0,0x69980000)
 Metaspace       used 3761K, capacity 3782K, committed 3864K, reserved 4400K
}
Event: 5.696 GC heap before
{Heap before GC invocations=3 (full 0):
 PSYoungGen      total 18432K, used 18423K [0x91ac0000, 0x92f40000, 0xa7000000)
  eden space 15872K, 100% used [0x91ac0000,0x92a40000,0x92a40000)
  from space 2560K, 99% used [0x92cc0000,0x92f3df60,0x92f40000)
  to   space 2560K, 0% used [0x92a40000,0x92a40000,0x92cc0000)
 ParOldGen       total 42496K, used 2146K [0x67000000, 0x69980000, 0x91ac0000)
  object space 42496K, 5% used [0x67000000,0x67218af0,0x69980000)
 Metaspace       used 3858K, capacity 3878K, committed 3992K, reserved 4400K
Event: 5.707 GC heap after
Heap after GC invocations=3 (full 0):
 PSYoungGen      total 18432K, used 2547K [0x91ac0000, 0x92f40000, 0xa7000000)
  eden space 15872K, 0% used [0x91ac0000,0x91ac0000,0x92a40000)
  from space 2560K, 99% used [0x92a40000,0x92cbcf30,0x92cc0000)
  to   space 2560K, 0% used [0x92cc0000,0x92cc0000,0x92f40000)
 ParOldGen       total 42496K, used 4519K [0x67000000, 0x69980000, 0x91ac0000)
  object space 42496K, 10% used [0x67000000,0x67469fd8,0x69980000)
 Metaspace       used 3858K, capacity 3878K, committed 3992K, reserved 4400K
}
Event: 5.847 GC heap before
{Heap before GC invocations=4 (full 0):
 PSYoungGen      total 18432K, used 18419K [0x91ac0000, 0x92f40000, 0xa7000000)
  eden space 15872K, 100% used [0x91ac0000,0x92a40000,0x92a40000)
  from space 2560K, 99% used [0x92a40000,0x92cbcf30,0x92cc0000)
  to   space 2560K, 0% used [0x92cc0000,0x92cc0000,0x92f40000)
 ParOldGen       total 42496K, used 4519K [0x67000000, 0x69980000, 0x91ac0000)
  object space 42496K, 10% used [0x67000000,0x67469fd8,0x69980000)
 Metaspace       used 3908K, capacity 3942K, committed 3992K, reserved 4400K
Event: 5.861 GC heap after
Heap after GC invocations=4 (full 0):
 PSYoungGen      total 18432K, used 2555K [0x91ac0000, 0x93ec0000, 0xa7000000)
  eden space 15872K, 0% used [0x91ac0000,0x91ac0000,0x92a40000)
  from space 2560K, 99% used [0x92cc0000,0x92f3ee80,0x92f40000)
  to   space 2560K, 0% used [0x92a40000,0x92a40000,0x92cc0000)
 ParOldGen       total 42496K, used 7107K [0x67000000, 0x69980000, 0x91ac0000)
  object space 42496K, 16% used [0x67000000,0x676f0e30,0x69980000)
 Metaspace       used 3908K, capacity 3942K, committed 3992K, reserved 4400K
}
Event: 5.997 GC heap before
{Heap before GC invocations=5 (full 0):
 PSYoungGen      total 18432K, used 18427K [0x91ac0000, 0x93ec0000, 0xa7000000)
  eden space 15872K, 100% used [0x91ac0000,0x92a40000,0x92a40000)
  from space 2560K, 99% used [0x92cc0000,0x92f3ee80,0x92f40000)
  to   space 2560K, 0% used [0x92a40000,0x92a40000,0x92cc0000)
 ParOldGen       total 42496K, used 7107K [0x67000000, 0x69980000, 0x91ac0000)
  object space 42496K, 16% used [0x67000000,0x676f0e30,0x69980000)
 Metaspace       used 3910K, capacity 3942K, committed 3992K, reserved 4400K
Event: 6.025 GC heap after
Heap after GC invocations=5 (full 0):
 PSYoungGen      total 18432K, used 2548K [0x91ac0000, 0x945c0000, 0xa7000000)
  eden space 15872K, 0% used [0x91ac0000,0x91ac0000,0x92a40000)
  from space 2560K, 99% used [0x92a40000,0x92cbd3e8,0x92cc0000)
  to   space 6144K, 0% used [0x93fc0000,0x93fc0000,0x945c0000)
 ParOldGen       total 42496K, used 9613K [0x67000000, 0x69980000, 0x91ac0000)
  object space 42496K, 22% used [0x67000000,0x67963448,0x69980000)
 Metaspace       used 3910K, capacity 3942K, committed 3992K, reserved 4400K
}

