# JRE version: Java(TM) SE Runtime Environment (8.0_101-b13) (build 1.8.0_101-b13)
# Java VM: Java HotSpot(TM) Server VM (25.101-b13 mixed mode linux-x86 )
Heap:
 PSYoungGen      total 140288K, used 19963K [0x91ac0000, 0x9bbc0000, 0xa7000000)
  eden space 120320K, 0% used [0x91ac0000,0x91ac0000,0x99040000)
  from space 19968K, 99% used [0x99040000,0x9a3bee70,0x9a3c0000)
  to   space 15360K, 0% used [0x9a3c0000,0x9a3c0000,0x9b2c0000)
 ParOldGen       total 42496K, used 36352K [0x67000000, 0x69980000, 0x91ac0000)
  object space 42496K, 85% used [0x67000000,0x693800c8,0x69980000)
 Metaspace       used 4197K, capacity 4230K, committed 4248K, reserved 4400K
GC Heap History (10 events):
Event: 2.905 GC heap after
Heap after GC invocations=4 (full 0):
 PSYoungGen      total 34304K, used 2546K [0x91ac0000, 0x93ec0000, 0xa7000000)
  eden space 31744K, 0% used [0x91ac0000,0x91ac0000,0x939c0000)
  from space 2560K, 99% used [0x93c40000,0x93ebcb00,0x93ec0000)
  to   space 2560K, 0% used [0x939c0000,0x939c0000,0x93c40000)
 ParOldGen       total 42496K, used 7332K [0x67000000, 0x69980000, 0x91ac0000)
  object space 42496K, 17% used [0x67000000,0x67729058,0x69980000)
 Metaspace       used 3846K, capacity 3878K, committed 3992K, reserved 4400K
}
Event: 3.317 GC heap before
{Heap before GC invocations=5 (full 0):
 PSYoungGen      total 34304K, used 34290K [0x91ac0000, 0x93ec0000, 0xa7000000)
  eden space 31744K, 100% used [0x91ac0000,0x939c0000,0x939c0000)
  from space 2560K, 99% used [0x93c40000,0x93ebcb00,0x93ec0000)
  to   space 2560K, 0% used [0x939c0000,0x939c0000,0x93c40000)
 ParOldGen       total 42496K, used 7332K [0x67000000, 0x69980000, 0x91ac0000)
  object space 42496K, 17% used [0x67000000,0x67729058,0x69980000)
 Metaspace       used 3871K, capacity 3878K, committed 3992K, reserved 4400K
Event: 3.361 GC heap after
Heap after GC invocations=5 (full 0):
 PSYoungGen      total 34304K, used 2553K [0x91ac0000, 0x96ac0000, 0xa7000000)
  eden space 31744K, 0% used [0x91ac0000,0x91ac0000,0x939c0000)
  from space 2560K, 99% used [0x939c0000,0x93c3e428,0x93c40000)
  to   space 9216K, 0% used [0x961c0000,0x961c0000,0x96ac0000)
 ParOldGen       total 42496K, used 12801K [0x67000000, 0x69980000, 0x91ac0000)
  object space 42496K, 30% used [0x67000000,0x67c806d0,0x69980000)
 Metaspace       used 3871K, capacity 3878K, committed 3992K, reserved 4400K
}
Event: 3.722 GC heap before
{Heap before GC invocations=6 (full 0):
 PSYoungGen      total 34304K, used 34297K [0x91ac0000, 0x96ac0000, 0xa7000000)
  eden space 31744K, 100% used [0x91ac0000,0x939c0000,0x939c0000)
  from space 2560K, 99% used [0x939c0000,0x93c3e428,0x93c40000)
  to   space 9216K, 0% used [0x961c0000,0x961c0000,0x96ac0000)
 ParOldGen       total 42496K, used 12801K [0x67000000, 0x69980000, 0x91ac0000)
  object space 42496K, 30% used [0x67000000,0x67c806d0,0x69980000)
 Metaspace       used 3913K, capacity 3974K, committed 3992K, reserved 4400K
Event: 3.789 GC heap after
Heap after GC invocations=6 (full 0):
 PSYoungGen      total 71680K, used 7688K [0x91ac0000, 0x96cc0000, 0xa7000000)
  eden space 62464K, 0% used [0x91ac0000,0x91ac0000,0x957c0000)
  from space 9216K, 83% used [0x961c0000,0x969422c0,0x96ac0000)
  to   space 10240K, 0% used [0x957c0000,0x957c0000,0x961c0000)
 ParOldGen       total 42496K, used 12801K [0x67000000, 0x69980000, 0x91ac0000)
  object space 42496K, 30% used [0x67000000,0x67c806d0,0x69980000)
 Metaspace       used 3913K, capacity 3974K, committed 3992K, reserved 4400K
}
Event: 4.733 GC heap before
{Heap before GC invocations=7 (full 0):
 PSYoungGen      total 71680K, used 70152K [0x91ac0000, 0x96cc0000, 0xa7000000)
  eden space 62464K, 100% used [0x91ac0000,0x957c0000,0x957c0000)
  from space 9216K, 83% used [0x961c0000,0x969422c0,0x96ac0000)
  to   space 10240K, 0% used [0x957c0000,0x957c0000,0x961c0000)
 ParOldGen       total 42496K, used 12801K [0x67000000, 0x69980000, 0x91ac0000)
  object space 42496K, 30% used [0x67000000,0x67c806d0,0x69980000)
 Metaspace       used 3966K, capacity 4006K, committed 4120K, reserved 4400K
Event: 5.048 GC heap after
Heap after GC invocations=7 (full 0):
 PSYoungGen      total 72704K, used 10225K [0x91ac0000, 0x9b2c0000, 0xa7000000)
  eden space 62464K, 0% used [0x91ac0000,0x91ac0000,0x957c0000)
  from space 10240K, 99% used [0x957c0000,0x961bc7e8,0x961c0000)
  to   space 15360K, 0% used [0x9a3c0000,0x9a3c0000,0x9b2c0000)
 ParOldGen       total 42496K, used 19287K [0x67000000, 0x69980000, 0x91ac0000)
  object space 42496K, 45% used [0x67000000,0x682d5d58,0x69980000)
 Metaspace       used 3966K, capacity 4006K, committed 4120K, reserved 4400K
}
Event: 6.203 GC heap before
{Heap before GC invocations=8 (full 0):
 PSYoungGen      total 72704K, used 72689K [0x91ac0000, 0x9b2c0000, 0xa7000000)
  eden space 62464K, 100% used [0x91ac0000,0x957c0000,0x957c0000)
  from space 10240K, 99% used [0x957c0000,0x961bc7e8,0x961c0000)
  to   space 15360K, 0% used [0x9a3c0000,0x9a3c0000,0x9b2c0000)
 ParOldGen       total 42496K, used 19287K [0x67000000, 0x69980000, 0x91ac0000)
  object space 42496K, 45% used [0x67000000,0x682d5d58,0x69980000)
 Metaspace       used 4011K, capacity 4038K, committed 4120K, reserved 4400K
Event: 6.343 GC heap after
Heap after GC invocations=8 (full 0):
 PSYoungGen      total 135680K, used 15346K [0x91ac0000, 0x9bbc0000, 0xa7000000)
  eden space 120320K, 0% used [0x91ac0000,0x91ac0000,0x99040000)
  from space 15360K, 99% used [0x9a3c0000,0x9b2bc828,0x9b2c0000)
  to   space 19968K, 0% used [0x99040000,0x99040000,0x9a3c0000)
 ParOldGen       total 42496K, used 23830K [0x67000000, 0x69980000, 0x91ac0000)
  object space 42496K, 56% used [0x67000000,0x68745a18,0x69980000)
 Metaspace       used 4011K, capacity 4038K, committed 4120K, reserved 4400K
}
Event: 12.879 GC heap before
{Heap before GC invocations=9 (full 0):
 PSYoungGen      total 135680K, used 135666K [0x91ac0000, 0x9bbc0000, 0xa7000000)
  eden space 120320K, 100% used [0x91ac0000,0x99040000,0x99040000)
  from space 15360K, 99% used [0x9a3c0000,0x9b2bc828,0x9b2c0000)
  to   space 19968K, 0% used [0x99040000,0x99040000,0x9a3c0000)
 ParOldGen       total 42496K, used 23830K [0x67000000, 0x69980000, 0x91ac0000)
  object space 42496K, 56% used [0x67000000,0x68745a18,0x69980000)
 Metaspace       used 4197K, capacity 4230K, committed 4248K, reserved 4400K

