# JRE version: Java(TM) SE Runtime Environment (8.0_101-b13) (build 1.8.0_101-b13)
# Java VM: Java HotSpot(TM) Server VM (25.101-b13 mixed mode linux-x86 )
Heap:
 PSYoungGen      total 140800K, used 20728K [0x91ac0000, 0x9bd40000, 0xa7000000)
  eden space 120064K, 0% used [0x91ac0000,0x91ac0000,0x99000000)
  from space 20736K, 99% used [0x99000000,0x9a43e110,0x9a440000)
  to   space 15872K, 0% used [0x9a440000,0x9a440000,0x9b3c0000)
 ParOldGen       total 42496K, used 36543K [0x67000000, 0x69980000, 0x91ac0000)
  object space 42496K, 85% used [0x67000000,0x693aff00,0x69980000)
 Metaspace       used 4172K, capacity 4198K, committed 4248K, reserved 4400K
GC Heap History (10 events):
Event: 3.554 GC heap after
Heap after GC invocations=4 (full 0):
 PSYoungGen      total 34304K, used 2547K [0x91ac0000, 0x93ec0000, 0xa7000000)
  eden space 31744K, 0% used [0x91ac0000,0x91ac0000,0x939c0000)
  from space 2560K, 99% used [0x93c40000,0x93ebcd88,0x93ec0000)
  to   space 2560K, 0% used [0x939c0000,0x939c0000,0x93c40000)
 ParOldGen       total 42496K, used 7666K [0x67000000, 0x69980000, 0x91ac0000)
  object space 42496K, 18% used [0x67000000,0x6777c930,0x69980000)
 Metaspace       used 3838K, capacity 3846K, committed 3864K, reserved 4400K
}
Event: 4.097 GC heap before
{Heap before GC invocations=5 (full 0):
 PSYoungGen      total 34304K, used 34291K [0x91ac0000, 0x93ec0000, 0xa7000000)
  eden space 31744K, 100% used [0x91ac0000,0x939c0000,0x939c0000)
  from space 2560K, 99% used [0x93c40000,0x93ebcd88,0x93ec0000)
  to   space 2560K, 0% used [0x939c0000,0x939c0000,0x93c40000)
 ParOldGen       total 42496K, used 7666K [0x67000000, 0x69980000, 0x91ac0000)
  object space 42496K, 18% used [0x67000000,0x6777c930,0x69980000)
 Metaspace       used 3853K, capacity 3878K, committed 3992K, reserved 4400K
Event: 4.187 GC heap after
Heap after GC invocations=5 (full 0):
 PSYoungGen      total 34304K, used 2557K [0x91ac0000, 0x96bc0000, 0xa7000000)
  eden space 31744K, 0% used [0x91ac0000,0x91ac0000,0x939c0000)
  from space 2560K, 99% used [0x939c0000,0x93c3f740,0x93c40000)
  to   space 9728K, 0% used [0x96240000,0x96240000,0x96bc0000)
 ParOldGen       total 42496K, used 13497K [0x67000000, 0x69980000, 0x91ac0000)
  object space 42496K, 31% used [0x67000000,0x67d2e4e0,0x69980000)
 Metaspace       used 3853K, capacity 3878K, committed 3992K, reserved 4400K
}
Event: 4.723 GC heap before
{Heap before GC invocations=6 (full 0):
 PSYoungGen      total 34304K, used 34301K [0x91ac0000, 0x96bc0000, 0xa7000000)
  eden space 31744K, 100% used [0x91ac0000,0x939c0000,0x939c0000)
  from space 2560K, 99% used [0x939c0000,0x93c3f740,0x93c40000)
  to   space 9728K, 0% used [0x96240000,0x96240000,0x96bc0000)
 ParOldGen       total 42496K, used 13497K [0x67000000, 0x69980000, 0x91ac0000)
  object space 42496K, 31% used [0x67000000,0x67d2e4e0,0x69980000)
 Metaspace       used 3888K, capacity 3910K, committed 3992K, reserved 4400K
Event: 4.791 GC heap after
Heap after GC invocations=6 (full 0):
 PSYoungGen      total 72192K, used 8224K [0x91ac0000, 0x96dc0000, 0xa7000000)
  eden space 62464K, 0% used [0x91ac0000,0x91ac0000,0x957c0000)
  from space 9728K, 84% used [0x96240000,0x96a48368,0x96bc0000)
  to   space 10752K, 0% used [0x957c0000,0x957c0000,0x96240000)
 ParOldGen       total 42496K, used 13497K [0x67000000, 0x69980000, 0x91ac0000)
  object space 42496K, 31% used [0x67000000,0x67d2e4e0,0x69980000)
 Metaspace       used 3888K, capacity 3910K, committed 3992K, reserved 4400K
}
Event: 5.724 GC heap before
{Heap before GC invocations=7 (full 0):
 PSYoungGen      total 72192K, used 70688K [0x91ac0000, 0x96dc0000, 0xa7000000)
  eden space 62464K, 100% used [0x91ac0000,0x957c0000,0x957c0000)
  from space 9728K, 84% used [0x96240000,0x96a48368,0x96bc0000)
  to   space 10752K, 0% used [0x957c0000,0x957c0000,0x96240000)
 ParOldGen       total 42496K, used 13497K [0x67000000, 0x69980000, 0x91ac0000)
  object space 42496K, 31% used [0x67000000,0x67d2e4e0,0x69980000)
 Metaspace       used 3937K, capacity 3974K, committed 3992K, reserved 4400K
Event: 5.800 GC heap after
Heap after GC invocations=7 (full 0):
 PSYoungGen      total 73216K, used 10747K [0x91ac0000, 0x9b3c0000, 0xa7000000)
  eden space 62464K, 0% used [0x91ac0000,0x91ac0000,0x957c0000)
  from space 10752K, 99% used [0x957c0000,0x9623ed80,0x96240000)
  to   space 15872K, 0% used [0x9a440000,0x9a440000,0x9b3c0000)
 ParOldGen       total 42496K, used 19890K [0x67000000, 0x69980000, 0x91ac0000)
  object space 42496K, 46% used [0x67000000,0x6836c990,0x69980000)
 Metaspace       used 3937K, capacity 3974K, committed 3992K, reserved 4400K
}
Event: 6.594 GC heap before
{Heap before GC invocations=8 (full 0):
 PSYoungGen      total 73216K, used 73211K [0x91ac0000, 0x9b3c0000, 0xa7000000)
  eden space 62464K, 100% used [0x91ac0000,0x957c0000,0x957c0000)
  from space 10752K, 99% used [0x957c0000,0x9623ed80,0x96240000)
  to   space 15872K, 0% used [0x9a440000,0x9a440000,0x9b3c0000)
 ParOldGen       total 42496K, used 19890K [0x67000000, 0x69980000, 0x91ac0000)
  object space 42496K, 46% used [0x67000000,0x6836c990,0x69980000)
 Metaspace       used 3974K, capacity 4006K, committed 4120K, reserved 4400K
Event: 6.866 GC heap after
Heap after GC invocations=8 (full 0):
 PSYoungGen      total 135936K, used 15865K [0x91ac0000, 0x9bd40000, 0xa7000000)
  eden space 120064K, 0% used [0x91ac0000,0x91ac0000,0x99000000)
  from space 15872K, 99% used [0x9a440000,0x9b3be7b0,0x9b3c0000)
  to   space 20736K, 0% used [0x99000000,0x99000000,0x9a440000)
 ParOldGen       total 42496K, used 24266K [0x67000000, 0x69980000, 0x91ac0000)
  object space 42496K, 57% used [0x67000000,0x687b2ba8,0x69980000)
 Metaspace       used 3974K, capacity 4006K, committed 4120K, reserved 4400K
}
Event: 8.929 GC heap before
{Heap before GC invocations=9 (full 0):
 PSYoungGen      total 135936K, used 135929K [0x91ac0000, 0x9bd40000, 0xa7000000)
  eden space 120064K, 100% used [0x91ac0000,0x99000000,0x99000000)
  from space 15872K, 99% used [0x9a440000,0x9b3be7b0,0x9b3c0000)
  to   space 20736K, 0% used [0x99000000,0x99000000,0x9a440000)
 ParOldGen       total 42496K, used 24266K [0x67000000, 0x69980000, 0x91ac0000)
  object space 42496K, 57% used [0x67000000,0x687b2ba8,0x69980000)
 Metaspace       used 4172K, capacity 4198K, committed 4248K, reserved 4400K

